TN:
SF:src/constant.ts
FNF:0
FNH:0
DA:1,1
DA:2,1
DA:3,1
DA:4,1
DA:5,1
DA:6,1
DA:7,1
LF:7
LH:7
BRF:0
BRH:0
end_of_record
TN:
SF:src/date_util.ts
FN:7,setBuyDate
FNF:1
FNH:1
FNDA:7,setBuyDate
DA:4,1
DA:8,7
DA:10,7
DA:12,1
DA:14,1
DA:16,1
DA:20,4
DA:21,2
DA:25,2
DA:26,1
DA:30,1
DA:31,0
DA:32,0
DA:34,1
LF:14
LH:12
BRDA:10,0,0,1
BRDA:10,0,1,1
BRDA:10,0,2,1
BRDA:20,1,0,2
BRDA:20,2,0,4
BRDA:20,2,1,3
BRDA:25,3,0,1
BRDA:30,4,0,0
BRF:8
BRH:7
end_of_record
TN:
SF:src/validator.ts
FN:10,validateRegistMessage
FN:18,(anonymous_1)
FN:30,(anonymous_2)
FN:37,isDatePattern
FN:42,(anonymous_4)
FNF:5
FNH:5
FNDA:2,validateRegistMessage
FNDA:1,(anonymous_1)
FNDA:1,(anonymous_2)
FNDA:9,isDatePattern
FNDA:27,(anonymous_4)
DA:1,1
DA:4,1
DA:5,1
DA:13,2
DA:14,1
DA:18,1
DA:19,0
DA:22,1
DA:23,0
DA:26,1
DA:27,0
DA:30,1
DA:31,0
DA:33,1
DA:38,9
DA:39,0
DA:42,27
DA:43,0
DA:46,9
DA:48,9
DA:49,1
DA:52,8
DA:53,3
DA:54,3
DA:55,0
DA:58,3
DA:59,1
DA:61,2
DA:65,5
DA:66,2
DA:67,2
DA:68,0
DA:71,2
DA:72,1
DA:74,1
DA:77,3
DA:78,2
DA:81,1
LF:38
LH:30
BRDA:13,0,0,1
BRDA:18,1,0,0
BRDA:18,2,0,1
BRDA:18,2,1,1
BRDA:22,3,0,0
BRDA:26,4,0,0
BRDA:30,5,0,0
BRDA:30,6,0,1
BRDA:30,6,1,1
BRDA:38,7,0,0
BRDA:42,8,0,0
BRDA:48,9,0,1
BRDA:52,10,0,3
BRDA:52,11,0,8
BRDA:52,11,1,7
BRDA:54,12,0,0
BRDA:58,13,0,1
BRDA:65,14,0,2
BRDA:67,15,0,0
BRDA:71,16,0,1
BRDA:71,17,0,2
BRDA:71,17,1,1
BRDA:77,18,0,2
BRF:23
BRH:15
end_of_record
